#
# A fatal error has been detected by the Java Runtime Environment:
#
#  EXCEPTION_ACCESS_VIOLATION (0xc0000005) at pc=0x00007ffe7669598c, pid=1684, tid=11880
#
# JRE version: OpenJDK Runtime Environment JBR-11.0.11.9-1504.16-jcef (11.0.11+9) (build 11.0.11+9-b1504.16)
# Java VM: OpenJDK 64-Bit Server VM JBR-11.0.11.9-1504.16-jcef (11.0.11+9-b1504.16, mixed mode, tiered, compressed oops, g1 gc, windows-amd64)
# Problematic frame:
# V  [jvm.dll+0x30598c]
#
# No core dump will be written. Minidumps are not enabled by default on client versions of Windows
#
# If you would like to submit a bug report, please visit:
#   https://bugreport.java.com/bugreport/crash.jsp
#

---------------  S U M M A R Y ------------

Command Line: -Djava.rmi.server.hostname=127.0.0.1 -Duser.timezone=UTC -Xmx2048m -Xms128m -Dfile.encoding=UTF-8 com.intellij.database.remote.RemoteJdbcServer org.postgresql.Driver

Host: Intel(R) Core(TM) i7-7700HQ CPU @ 2.80GHz, 8 cores, 23G,  Windows 10 , 64 bit Build 19041 (10.0.19041.3155)
Time: Fri Aug 18 13:53:42 2023 W. Europe Daylight Time elapsed time: 2.391151 seconds (0d 0h 0m 2s)

---------------  T H R E A D  ---------------

Current thread (0x000001b3e7832000):  GCTaskThread "GC Thread#3" [stack: 0x00000023b2c00000,0x00000023b2d00000] [id=11880]

Stack: [0x00000023b2c00000,0x00000023b2d00000],  sp=0x00000023b2cff238,  free space=1020k
Native frames: (J=compiled Java code, j=interpreted, Vv=VM code, C=native code)
V  [jvm.dll+0x30598c]


siginfo: EXCEPTION_ACCESS_VIOLATION (0xc0000005), reading address 0x00000000000000f8


Register to memory mapping:

RIP=0x00007ffe7669598c jvm.dll
RAX=0x0 is NULL
RBX=0x0000000080267c80 is pointing into object: java.lang.Class 
{0x0000000080267c48} - klass: 'java/lang/Class'
RCX=0x000001b3cada6700 points into unknown readable memory: 0x0000000000000000 | 00 00 00 00 00 00 00 00
RDX=0x0 is NULL
RSP=0x00000023b2cff238 points into unknown readable memory: 0x00007ffe7669776d | 6d 77 69 76 fe 7f 00 00
RBP=0x00000023b2cff498 points into unknown readable memory: 0x00007ffe76c0bbb0 | b0 bb c0 76 fe 7f 00 00
RSI=0x0000000100002308 is pointing into metadata
RDI=0x0000000080267c98 is pointing into object: java.lang.Class 
{0x0000000080267c48} - klass: 'java/lang/Class'
R8 =0x0000000000008800 is an unknown value
R9 =0x000001b3cad893e0 points into unknown readable memory: 0x00007ffe76c05260 | 60 52 c0 76 fe 7f 00 00
R10=0x00000023b2cff498 points into unknown readable memory: 0x00007ffe76c0bbb0 | b0 bb c0 76 fe 7f 00 00
R11=0x0000000080267c80 is pointing into object: java.lang.Class 
{0x0000000080267c48} - klass: 'java/lang/Class'
R12=0x00000023b2cff310 points into unknown readable memory: 0x0000000080267c00 | 00 7c 26 80 00 00 00 00
R13=0x000001b3cadbe0f8 points into unknown readable memory: 0x0000000080000000 | 00 00 00 80 00 00 00 00
R14=0x0000000080267c48 is an oop: java.lang.Class 
{0x0000000080267c48} - klass: 'java/lang/Class'
R15=0x0000000100002310 is a pointer to class: 
java.lang.Cloneable {0x0000000100002318}


Registers:
RAX=0x0000000000000000, RBX=0x0000000080267c80, RCX=0x000001b3cada6700, RDX=0x0000000000000000
RSP=0x00000023b2cff238, RBP=0x00000023b2cff498, RSI=0x0000000100002308, RDI=0x0000000080267c98
R8 =0x0000000000008800, R9 =0x000001b3cad893e0, R10=0x00000023b2cff498, R11=0x0000000080267c80
R12=0x00000023b2cff310, R13=0x000001b3cadbe0f8, R14=0x0000000080267c48, R15=0x0000000100002310
RIP=0x00007ffe7669598c, EFLAGS=0x0000000000010213

Top of Stack: (sp=0x00000023b2cff238)
0x00000023b2cff238:   00007ffe7669776d 0000000080267c60
0x00000023b2cff248:   00007ffe7669f0a6 00000000802679d8
0x00000023b2cff258:   000001b3cadf1bd8 0000000080267c00
0x00000023b2cff268:   000001b3cadf1b80 0000000080267cb8
0x00000023b2cff278:   00007ffe7669e30c 0000000080267c48
0x00000023b2cff288:   00000023b2cff498 0000000080267e00
0x00000023b2cff298:   0000000080267e00 0000001f31025f50
0x00000023b2cff2a8:   0000000000000001 0000000000000000
0x00000023b2cff2b8:   0000000000000100 0000000000000002
0x00000023b2cff2c8:   00000023b2cff498 0000000000000001
0x00000023b2cff2d8:   00000023b2cff401 0000000080267c00
0x00000023b2cff2e8:   00007ffe7669fbc0 000000000000000e
0x00000023b2cff2f8:   0000000000000100 000001b3cad6a9e0
0x00000023b2cff308:   0000000000000001 0000000080267c00
0x00000023b2cff318:   0000000000000040 00000023b2cff470
0x00000023b2cff328:   000001b3e79c09e0 00000023b2cff470 

Instructions: (pc=0x00007ffe7669598c)
0x00007ffe7669588c:   00 49 8b 82 e0 06 00 00 48 d3 ea 0f b6 04 02 84
0x00007ffe7669589c:   c0 7e 0b 49 8b d1 49 8b cb e9 36 10 fd ff 8b 0d
0x00007ffe766958ac:   08 55 76 00 49 8b d0 49 33 d1 48 d3 ea 48 85 d2
0x00007ffe766958bc:   74 2a 3c ff 75 26 4d 2b 42 10 49 8b 82 88 04 00
0x00007ffe766958cc:   00 49 d3 e8 41 8b c8 80 3c 08 00 74 0f c6 04 08
0x00007ffe766958dc:   00 49 8b 82 d0 06 00 00 c6 04 01 00 c3 cc cc cc
0x00007ffe766958ec:   cc cc cc cc 8b 02 4c 8b da 4c 8b d1 85 c0 0f 84
0x00007ffe766958fc:   af 00 00 00 8b 0d c2 9c 71 00 44 8b c0 4d 8b 4a
0x00007ffe7669590c:   10 49 d3 e0 4c 03 05 a9 9c 71 00 49 8b d0 41 8b
0x00007ffe7669591c:   89 f0 06 00 00 49 8b 81 e0 06 00 00 48 d3 ea 0f
0x00007ffe7669592c:   b6 04 02 84 c0 7e 0b 49 8b d3 49 8b ca e9 a2 0f
0x00007ffe7669593c:   fd ff 41 8b 89 c0 02 00 00 49 8b d0 48 d3 ea 49
0x00007ffe7669594c:   8b 89 b0 02 00 00 48 8b 14 d1 49 39 52 20 74 53
0x00007ffe7669595c:   3c ff 75 2c 4d 2b 41 10 8b 0d 4e 54 76 00 49 8b
0x00007ffe7669596c:   81 88 04 00 00 49 d3 e8 41 8b c8 80 3c 08 00 74
0x00007ffe7669597c:   0f c6 04 08 00 49 8b 81 d0 06 00 00 c6 04 01 00
0x00007ffe7669598c:   48 8b 8a f8 00 00 00 83 b9 18 01 00 00 00 74 13
0x00007ffe7669599c:   45 8b 42 28 48 81 c1 90 00 00 00 49 8b d3 e9 11
0x00007ffe766959ac:   9b 04 00 c3 40 57 48 83 ec 20 48 8b fa 48 8b d1
0x00007ffe766959bc:   4c 8b 0f 4d 85 c9 74 6b 4c 8b 51 10 4d 8b c1 41
0x00007ffe766959cc:   8b 8a f0 06 00 00 49 8b 82 e0 06 00 00 49 d3 e8
0x00007ffe766959dc:   41 0f b6 04 00 84 c0 7e 50 48 8b 42 18 48 8b d7
0x00007ffe766959ec:   48 89 5c 24 30 48 8b 58 10 48 8b cb e8 23 8b fd
0x00007ffe766959fc:   ff 84 c0 75 29 48 81 c3 90 00 00 00 48 8b 43 08
0x00007ffe76695a0c:   48 39 43 20 75 08 48 8b cb e8 f6 8b fd ff 48 8b
0x00007ffe76695a1c:   4b 20 48 8b 43 38 48 89 3c c8 48 ff 43 20 48 8b
0x00007ffe76695a2c:   5c 24 30 48 83 c4 20 5f c3 8b 0d 7d 53 76 00 49
0x00007ffe76695a3c:   8b d1 48 33 d7 48 d3 ea 48 85 d2 74 e6 3c ff 75
0x00007ffe76695a4c:   e2 4d 2b 4a 10 49 8b 82 88 04 00 00 49 d3 e9 41
0x00007ffe76695a5c:   8b c9 80 3c 08 00 74 cb c6 04 08 00 49 8b 82 d0
0x00007ffe76695a6c:   06 00 00 c6 04 01 00 48 83 c4 20 5f c3 cc cc cc
0x00007ffe76695a7c:   cc cc cc cc 40 57 48 83 ec 20 4c 8b 12 48 8b fa 


Stack slot to memory mapping:
stack at sp + 0 slots: 0x00007ffe7669776d jvm.dll
stack at sp + 1 slots: 0x0000000080267c60 is pointing into object: java.lang.Class 
{0x0000000080267c48} - klass: 'java/lang/Class'
stack at sp + 2 slots: 0x00007ffe7669f0a6 jvm.dll
stack at sp + 3 slots: 0x00000000802679d8 is pointing into object: java.lang.Class 
{0x00000000802679d0} - klass: 'java/lang/Class'
stack at sp + 4 slots: 0x000001b3cadf1bd8 points into unknown readable memory: 0x0000000080300000 | 00 00 30 80 00 00 00 00
stack at sp + 5 slots: 0x0000000080267c00 is pointing into object: java.lang.Class 
{0x0000000080267bd8} - klass: 'java/lang/Class'
stack at sp + 6 slots: 0x000001b3cadf1b80 points into unknown readable memory: 0x00007ffe76c12e78 | 78 2e c1 76 fe 7f 00 00
stack at sp + 7 slots: 0x0000000080267cb8 is an oop: [Ljava.lang.Object; 
{0x0000000080267cb8} - klass: 'java/lang/Object'[]
 - length: 1


---------------  P R O C E S S  ---------------

Threads class SMR info:
_java_thread_list=0x000001b3e7ddacb0, length=19, elements={
0x000001b3cad7d000, 0x000001b3e5b04800, 0x000001b3e5b0e000, 0x000001b3e6482800,
0x000001b3e6484000, 0x000001b3e6488000, 0x000001b3e648b000, 0x000001b3e648f800,
0x000001b3e5b25000, 0x000001b3e65fd800, 0x000001b3e6986800, 0x000001b3e699b800,
0x000001b3e69a5000, 0x000001b3e69ae000, 0x000001b3e6a27800, 0x000001b3e6da0000,
0x000001b3e6bd8000, 0x000001b3e7bf6800, 0x000001b3e7dcd000
}

Java Threads: ( => current thread )
  0x000001b3cad7d000 JavaThread "main" [_thread_blocked, id=4888, stack(0x00000023b0e00000,0x00000023b0f00000)]
  0x000001b3e5b04800 JavaThread "Reference Handler" daemon [_thread_blocked, id=14888, stack(0x00000023b1500000,0x00000023b1600000)]
  0x000001b3e5b0e000 JavaThread "Finalizer" daemon [_thread_blocked, id=15652, stack(0x00000023b1600000,0x00000023b1700000)]
  0x000001b3e6482800 JavaThread "Signal Dispatcher" daemon [_thread_blocked, id=16116, stack(0x00000023b1700000,0x00000023b1800000)]
  0x000001b3e6484000 JavaThread "Attach Listener" daemon [_thread_blocked, id=3264, stack(0x00000023b1800000,0x00000023b1900000)]
  0x000001b3e6488000 JavaThread "Service Thread" daemon [_thread_blocked, id=6724, stack(0x00000023b1900000,0x00000023b1a00000)]
  0x000001b3e648b000 JavaThread "C2 CompilerThread0" daemon [_thread_blocked, id=7212, stack(0x00000023b1a00000,0x00000023b1b00000)]
  0x000001b3e648f800 JavaThread "C1 CompilerThread0" daemon [_thread_blocked, id=6076, stack(0x00000023b1b00000,0x00000023b1c00000)]
  0x000001b3e5b25000 JavaThread "Sweeper thread" daemon [_thread_blocked, id=9820, stack(0x00000023b1c00000,0x00000023b1d00000)]
  0x000001b3e65fd800 JavaThread "Common-Cleaner" daemon [_thread_blocked, id=6952, stack(0x00000023b1e00000,0x00000023b1f00000)]
  0x000001b3e6986800 JavaThread "RMI TCP Accept-13770" daemon [_thread_in_native, id=10176, stack(0x00000023b2000000,0x00000023b2100000)]
  0x000001b3e699b800 JavaThread "RMI TCP Accept-0" daemon [_thread_in_native, id=13280, stack(0x00000023b2100000,0x00000023b2200000)]
  0x000001b3e69a5000 JavaThread "RMI Reaper" [_thread_blocked, id=16120, stack(0x00000023b2200000,0x00000023b2300000)]
  0x000001b3e69ae000 JavaThread "RMI GC Daemon" daemon [_thread_blocked, id=11384, stack(0x00000023b2300000,0x00000023b2400000)]
  0x000001b3e6a27800 JavaThread "RMI TCP Connection(1)-127.0.0.1" daemon [_thread_in_native, id=1340, stack(0x00000023b2500000,0x00000023b2600000)]
  0x000001b3e6da0000 JavaThread "RMI TCP Connection(2)-127.0.0.1" daemon [_thread_blocked, id=14572, stack(0x00000023b2600000,0x00000023b2700000)]
  0x000001b3e6bd8000 JavaThread "RMI Scheduler(0)" daemon [_thread_blocked, id=11052, stack(0x00000023b2700000,0x00000023b2800000)]
  0x000001b3e7bf6800 JavaThread "PostgreSQL-JDBC-Cleaner" daemon [_thread_blocked, id=12036, stack(0x00000023b2400000,0x00000023b2500000)]
  0x000001b3e7dcd000 JavaThread "C2 CompilerThread1" daemon [_thread_blocked, id=1652, stack(0x00000023b1f00000,0x00000023b2000000)]

Other Threads:
  0x000001b3e5ac8000 VMThread "VM Thread" [stack: 0x00000023b1400000,0x00000023b1500000] [id=9656]
  0x000001b3e65e8000 WatcherThread [stack: 0x00000023b1d00000,0x00000023b1e00000] [id=14464]
  0x000001b3cad93800 GCTaskThread "GC Thread#0" [stack: 0x00000023b0f00000,0x00000023b1000000] [id=5660]
  0x000001b3e7a29800 GCTaskThread "GC Thread#1" [stack: 0x00000023b2a00000,0x00000023b2b00000] [id=15648]
  0x000001b3e7831800 GCTaskThread "GC Thread#2" [stack: 0x00000023b2b00000,0x00000023b2c00000] [id=11216]
=>0x000001b3e7832000 GCTaskThread "GC Thread#3" [stack: 0x00000023b2c00000,0x00000023b2d00000] [id=11880]
  0x000001b3cadc8000 ConcurrentGCThread "G1 Main Marker" [stack: 0x00000023b1000000,0x00000023b1100000] [id=9652]
  0x000001b3cadc9800 ConcurrentGCThread "G1 Conc#0" [stack: 0x00000023b1100000,0x00000023b1200000] [id=3632]
  0x000001b3e5951800 ConcurrentGCThread "G1 Refine#0" [stack: 0x00000023b1200000,0x00000023b1300000] [id=9360]
  0x000001b3cae5c000 ConcurrentGCThread "G1 Young RemSet Sampling" [stack: 0x00000023b1300000,0x00000023b1400000] [id=6576]

Threads with active compile tasks:
C2 CompilerThread0   2433 2082       4       java.io.ObjectOutputStream$BlockDataOutputStream::writeUTF (46 bytes)
C2 CompilerThread1   2433 2080       4       java.io.ObjectInputStream$BlockDataInputStream::readUTFBody (192 bytes)

VM state:at safepoint (normal execution)

VM Mutex/Monitor currently owned by a thread:  ([mutex/lock_event])
[0x000001b3cad78ae0] Threads_lock - owner thread: 0x000001b3e5ac8000
[0x000001b3cad79ce0] Heap_lock - owner thread: 0x000001b3e6da0000

Heap address: 0x0000000080000000, size: 2048 MB, Compressed Oops mode: 32-bit
Narrow klass base: 0x0000000000000000, Narrow klass shift: 3
Compressed class space size: 1073741824 Address: 0x0000000100000000

Heap:
 garbage-first heap   total 131072K, used 24140K [0x0000000080000000, 0x0000000100000000)
  region size 1024K, 19 young (19456K), 1 survivors (1024K)
 Metaspace       used 17993K, capacity 18670K, committed 18816K, reserved 1067008K
  class space    used 1841K, capacity 2094K, committed 2176K, reserved 1048576K
Heap Regions: E=young(eden), S=young(survivor), O=old, HS=humongous(starts), HC=humongous(continues), CS=collection set, F=free, A=archive, TAMS=top-at-mark-start (previous, next)
|   0|0x0000000080000000, 0x0000000080100000, 0x0000000080100000|100%|HS|  |TAMS 0x0000000080000000, 0x0000000080000000| Complete 
|   1|0x0000000080100000, 0x0000000080200000, 0x0000000080200000|100%| O|  |TAMS 0x0000000080100000, 0x0000000080100000| Untracked 
|   2|0x0000000080200000, 0x0000000080300000, 0x0000000080300000|100%| O|  |TAMS 0x0000000080200000, 0x0000000080200000| Untracked 
|   3|0x0000000080300000, 0x0000000080400000, 0x0000000080400000|100%| O|  |TAMS 0x0000000080300000, 0x0000000080300000| Untracked 
|   4|0x0000000080400000, 0x0000000080500000, 0x0000000080500000|100%| O|  |TAMS 0x0000000080400000, 0x0000000080400000| Untracked 
|   5|0x0000000080500000, 0x00000000805927a0, 0x0000000080600000| 57%| O|  |TAMS 0x0000000080500000, 0x0000000080500000| Untracked 
|   6|0x0000000080600000, 0x0000000080600000, 0x0000000080700000|  0%| F|  |TAMS 0x0000000080600000, 0x0000000080600000| Untracked 
|   7|0x0000000080700000, 0x0000000080700000, 0x0000000080800000|  0%| F|  |TAMS 0x0000000080700000, 0x0000000080700000| Untracked 
|   8|0x0000000080800000, 0x0000000080800000, 0x0000000080900000|  0%| F|  |TAMS 0x0000000080800000, 0x0000000080800000| Untracked 
|   9|0x0000000080900000, 0x0000000080900000, 0x0000000080a00000|  0%| F|  |TAMS 0x0000000080900000, 0x0000000080900000| Untracked 
|  10|0x0000000080a00000, 0x0000000080a00000, 0x0000000080b00000|  0%| F|  |TAMS 0x0000000080a00000, 0x0000000080a00000| Untracked 
|  11|0x0000000080b00000, 0x0000000080b00000, 0x0000000080c00000|  0%| F|  |TAMS 0x0000000080b00000, 0x0000000080b00000| Untracked 
|  12|0x0000000080c00000, 0x0000000080c00000, 0x0000000080d00000|  0%| F|  |TAMS 0x0000000080c00000, 0x0000000080c00000| Untracked 
|  13|0x0000000080d00000, 0x0000000080d00000, 0x0000000080e00000|  0%| F|  |TAMS 0x0000000080d00000, 0x0000000080d00000| Untracked 
|  14|0x0000000080e00000, 0x0000000080e00000, 0x0000000080f00000|  0%| F|  |TAMS 0x0000000080e00000, 0x0000000080e00000| Untracked 
|  15|0x0000000080f00000, 0x0000000080f00000, 0x0000000081000000|  0%| F|  |TAMS 0x0000000080f00000, 0x0000000080f00000| Untracked 
|  16|0x0000000081000000, 0x0000000081000000, 0x0000000081100000|  0%| F|  |TAMS 0x0000000081000000, 0x0000000081000000| Untracked 
|  17|0x0000000081100000, 0x0000000081100000, 0x0000000081200000|  0%| F|  |TAMS 0x0000000081100000, 0x0000000081100000| Untracked 
|  18|0x0000000081200000, 0x0000000081200000, 0x0000000081300000|  0%| F|  |TAMS 0x0000000081200000, 0x0000000081200000| Untracked 
|  19|0x0000000081300000, 0x0000000081300000, 0x0000000081400000|  0%| F|  |TAMS 0x0000000081300000, 0x0000000081300000| Untracked 
|  20|0x0000000081400000, 0x0000000081400000, 0x0000000081500000|  0%| F|  |TAMS 0x0000000081400000, 0x0000000081400000| Untracked 
|  21|0x0000000081500000, 0x0000000081500000, 0x0000000081600000|  0%| F|  |TAMS 0x0000000081500000, 0x0000000081500000| Untracked 
|  22|0x0000000081600000, 0x0000000081600000, 0x0000000081700000|  0%| F|  |TAMS 0x0000000081600000, 0x0000000081600000| Untracked 
|  23|0x0000000081700000, 0x0000000081700000, 0x0000000081800000|  0%| F|  |TAMS 0x0000000081700000, 0x0000000081700000| Untracked 
|  24|0x0000000081800000, 0x0000000081800000, 0x0000000081900000|  0%| F|  |TAMS 0x0000000081800000, 0x0000000081800000| Untracked 
|  25|0x0000000081900000, 0x0000000081900000, 0x0000000081a00000|  0%| F|  |TAMS 0x0000000081900000, 0x0000000081900000| Untracked 
|  26|0x0000000081a00000, 0x0000000081a00000, 0x0000000081b00000|  0%| F|  |TAMS 0x0000000081a00000, 0x0000000081a00000| Untracked 
|  27|0x0000000081b00000, 0x0000000081b00000, 0x0000000081c00000|  0%| F|  |TAMS 0x0000000081b00000, 0x0000000081b00000| Untracked 
|  28|0x0000000081c00000, 0x0000000081c00000, 0x0000000081d00000|  0%| F|  |TAMS 0x0000000081c00000, 0x0000000081c00000| Untracked 
|  29|0x0000000081d00000, 0x0000000081d00000, 0x0000000081e00000|  0%| F|  |TAMS 0x0000000081d00000, 0x0000000081d00000| Untracked 
|  30|0x0000000081e00000, 0x0000000081e00000, 0x0000000081f00000|  0%| F|  |TAMS 0x0000000081e00000, 0x0000000081e00000| Untracked 
|  31|0x0000000081f00000, 0x0000000081f00000, 0x0000000082000000|  0%| F|  |TAMS 0x0000000081f00000, 0x0000000081f00000| Untracked 
|  32|0x0000000082000000, 0x0000000082000000, 0x0000000082100000|  0%| F|  |TAMS 0x0000000082000000, 0x0000000082000000| Untracked 
|  33|0x0000000082100000, 0x0000000082100000, 0x0000000082200000|  0%| F|  |TAMS 0x0000000082100000, 0x0000000082100000| Untracked 
|  34|0x0000000082200000, 0x0000000082200000, 0x0000000082300000|  0%| F|  |TAMS 0x0000000082200000, 0x0000000082200000| Untracked 
|  35|0x0000000082300000, 0x0000000082300000, 0x0000000082400000|  0%| F|  |TAMS 0x0000000082300000, 0x0000000082300000| Untracked 
|  36|0x0000000082400000, 0x0000000082400000, 0x0000000082500000|  0%| F|  |TAMS 0x0000000082400000, 0x0000000082400000| Untracked 
|  37|0x0000000082500000, 0x0000000082500000, 0x0000000082600000|  0%| F|  |TAMS 0x0000000082500000, 0x0000000082500000| Untracked 
|  38|0x0000000082600000, 0x0000000082600000, 0x0000000082700000|  0%| F|  |TAMS 0x0000000082600000, 0x0000000082600000| Untracked 
|  39|0x0000000082700000, 0x0000000082700000, 0x0000000082800000|  0%| F|  |TAMS 0x0000000082700000, 0x0000000082700000| Untracked 
|  40|0x0000000082800000, 0x0000000082800000, 0x0000000082900000|  0%| F|  |TAMS 0x0000000082800000, 0x0000000082800000| Untracked 
|  41|0x0000000082900000, 0x0000000082900000, 0x0000000082a00000|  0%| F|  |TAMS 0x0000000082900000, 0x0000000082900000| Untracked 
|  42|0x0000000082a00000, 0x0000000082a00000, 0x0000000082b00000|  0%| F|  |TAMS 0x0000000082a00000, 0x0000000082a00000| Untracked 
|  43|0x0000000082b00000, 0x0000000082b00000, 0x0000000082c00000|  0%| F|  |TAMS 0x0000000082b00000, 0x0000000082b00000| Untracked 
|  44|0x0000000082c00000, 0x0000000082c00000, 0x0000000082d00000|  0%| F|  |TAMS 0x0000000082c00000, 0x0000000082c00000| Untracked 
|  45|0x0000000082d00000, 0x0000000082d00000, 0x0000000082e00000|  0%| F|  |TAMS 0x0000000082d00000, 0x0000000082d00000| Untracked 
|  46|0x0000000082e00000, 0x0000000082e00000, 0x0000000082f00000|  0%| F|  |TAMS 0x0000000082e00000, 0x0000000082e00000| Untracked 
|  47|0x0000000082f00000, 0x0000000082f00000, 0x0000000083000000|  0%| F|  |TAMS 0x0000000082f00000, 0x0000000082f00000| Untracked 
|  48|0x0000000083000000, 0x0000000083000000, 0x0000000083100000|  0%| F|  |TAMS 0x0000000083000000, 0x0000000083000000| Untracked 
|  49|0x0000000083100000, 0x0000000083100000, 0x0000000083200000|  0%| F|  |TAMS 0x0000000083100000, 0x0000000083100000| Untracked 
|  50|0x0000000083200000, 0x0000000083200000, 0x0000000083300000|  0%| F|  |TAMS 0x0000000083200000, 0x0000000083200000| Untracked 
|  51|0x0000000083300000, 0x0000000083300000, 0x0000000083400000|  0%| F|  |TAMS 0x0000000083300000, 0x0000000083300000| Untracked 
|  52|0x0000000083400000, 0x0000000083400000, 0x0000000083500000|  0%| F|  |TAMS 0x0000000083400000, 0x0000000083400000| Untracked 
|  53|0x0000000083500000, 0x0000000083500000, 0x0000000083600000|  0%| F|  |TAMS 0x0000000083500000, 0x0000000083500000| Untracked 
|  54|0x0000000083600000, 0x0000000083600000, 0x0000000083700000|  0%| F|  |TAMS 0x0000000083600000, 0x0000000083600000| Untracked 
|  55|0x0000000083700000, 0x0000000083700000, 0x0000000083800000|  0%| F|  |TAMS 0x0000000083700000, 0x0000000083700000| Untracked 
|  56|0x0000000083800000, 0x0000000083800000, 0x0000000083900000|  0%| F|  |TAMS 0x0000000083800000, 0x0000000083800000| Untracked 
|  57|0x0000000083900000, 0x0000000083900000, 0x0000000083a00000|  0%| F|  |TAMS 0x0000000083900000, 0x0000000083900000| Untracked 
|  58|0x0000000083a00000, 0x0000000083a00000, 0x0000000083b00000|  0%| F|  |TAMS 0x0000000083a00000, 0x0000000083a00000| Untracked 
|  59|0x0000000083b00000, 0x0000000083b00000, 0x0000000083c00000|  0%| F|  |TAMS 0x0000000083b00000, 0x0000000083b00000| Untracked 
|  60|0x0000000083c00000, 0x0000000083c00000, 0x0000000083d00000|  0%| F|  |TAMS 0x0000000083c00000, 0x0000000083c00000| Untracked 
|  61|0x0000000083d00000, 0x0000000083d00000, 0x0000000083e00000|  0%| F|  |TAMS 0x0000000083d00000, 0x0000000083d00000| Untracked 
|  62|0x0000000083e00000, 0x0000000083e00000, 0x0000000083f00000|  0%| F|  |TAMS 0x0000000083e00000, 0x0000000083e00000| Untracked 
|  63|0x0000000083f00000, 0x0000000083f00000, 0x0000000084000000|  0%| F|  |TAMS 0x0000000083f00000, 0x0000000083f00000| Untracked 
|  64|0x0000000084000000, 0x0000000084000000, 0x0000000084100000|  0%| F|  |TAMS 0x0000000084000000, 0x0000000084000000| Untracked 
|  65|0x0000000084100000, 0x0000000084100000, 0x0000000084200000|  0%| F|  |TAMS 0x0000000084100000, 0x0000000084100000| Untracked 
|  66|0x0000000084200000, 0x0000000084200000, 0x0000000084300000|  0%| F|  |TAMS 0x0000000084200000, 0x0000000084200000| Untracked 
|  67|0x0000000084300000, 0x0000000084300000, 0x0000000084400000|  0%| F|  |TAMS 0x0000000084300000, 0x0000000084300000| Untracked 
|  68|0x0000000084400000, 0x0000000084400000, 0x0000000084500000|  0%| F|  |TAMS 0x0000000084400000, 0x0000000084400000| Untracked 
|  69|0x0000000084500000, 0x0000000084500000, 0x0000000084600000|  0%| F|  |TAMS 0x0000000084500000, 0x0000000084500000| Untracked 
|  70|0x0000000084600000, 0x0000000084600000, 0x0000000084700000|  0%| F|  |TAMS 0x0000000084600000, 0x0000000084600000| Untracked 
|  71|0x0000000084700000, 0x0000000084700000, 0x0000000084800000|  0%| F|  |TAMS 0x0000000084700000, 0x0000000084700000| Untracked 
|  72|0x0000000084800000, 0x0000000084800000, 0x0000000084900000|  0%| F|  |TAMS 0x0000000084800000, 0x0000000084800000| Untracked 
|  73|0x0000000084900000, 0x0000000084900000, 0x0000000084a00000|  0%| F|  |TAMS 0x0000000084900000, 0x0000000084900000| Untracked 
|  74|0x0000000084a00000, 0x0000000084a00000, 0x0000000084b00000|  0%| F|  |TAMS 0x0000000084a00000, 0x0000000084a00000| Untracked 
|  75|0x0000000084b00000, 0x0000000084b00000, 0x0000000084c00000|  0%| F|  |TAMS 0x0000000084b00000, 0x0000000084b00000| Untracked 
|  76|0x0000000084c00000, 0x0000000084c00000, 0x0000000084d00000|  0%| F|  |TAMS 0x0000000084c00000, 0x0000000084c00000| Untracked 
|  77|0x0000000084d00000, 0x0000000084d00000, 0x0000000084e00000|  0%| F|  |TAMS 0x0000000084d00000, 0x0000000084d00000| Untracked 
|  78|0x0000000084e00000, 0x0000000084e00000, 0x0000000084f00000|  0%| F|  |TAMS 0x0000000084e00000, 0x0000000084e00000| Untracked 
|  79|0x0000000084f00000, 0x0000000084f00000, 0x0000000085000000|  0%| F|  |TAMS 0x0000000084f00000, 0x0000000084f00000| Untracked 
|  80|0x0000000085000000, 0x0000000085000000, 0x0000000085100000|  0%| F|  |TAMS 0x0000000085000000, 0x0000000085000000| Untracked 
|  81|0x0000000085100000, 0x0000000085100000, 0x0000000085200000|  0%| F|  |TAMS 0x0000000085100000, 0x0000000085100000| Untracked 
|  82|0x0000000085200000, 0x0000000085200000, 0x0000000085300000|  0%| F|  |TAMS 0x0000000085200000, 0x0000000085200000| Untracked 
|  83|0x0000000085300000, 0x0000000085300000, 0x0000000085400000|  0%| F|  |TAMS 0x0000000085300000, 0x0000000085300000| Untracked 
|  84|0x0000000085400000, 0x0000000085400000, 0x0000000085500000|  0%| F|  |TAMS 0x0000000085400000, 0x0000000085400000| Untracked 
|  85|0x0000000085500000, 0x0000000085500000, 0x0000000085600000|  0%| F|  |TAMS 0x0000000085500000, 0x0000000085500000| Untracked 
|  86|0x0000000085600000, 0x0000000085600000, 0x0000000085700000|  0%| F|  |TAMS 0x0000000085600000, 0x0000000085600000| Untracked 
|  87|0x0000000085700000, 0x0000000085700000, 0x0000000085800000|  0%| F|  |TAMS 0x0000000085700000, 0x0000000085700000| Untracked 
|  88|0x0000000085800000, 0x0000000085800000, 0x0000000085900000|  0%| F|  |TAMS 0x0000000085800000, 0x0000000085800000| Untracked 
|  89|0x0000000085900000, 0x0000000085900000, 0x0000000085a00000|  0%| F|  |TAMS 0x0000000085900000, 0x0000000085900000| Untracked 
|  90|0x0000000085a00000, 0x0000000085a00000, 0x0000000085b00000|  0%| F|  |TAMS 0x0000000085a00000, 0x0000000085a00000| Untracked 
|  91|0x0000000085b00000, 0x0000000085b00000, 0x0000000085c00000|  0%| F|  |TAMS 0x0000000085b00000, 0x0000000085b00000| Untracked 
|  92|0x0000000085c00000, 0x0000000085c00000, 0x0000000085d00000|  0%| F|  |TAMS 0x0000000085c00000, 0x0000000085c00000| Untracked 
|  93|0x0000000085d00000, 0x0000000085d00000, 0x0000000085e00000|  0%| F|  |TAMS 0x0000000085d00000, 0x0000000085d00000| Untracked 
|  94|0x0000000085e00000, 0x0000000085e00000, 0x0000000085f00000|  0%| F|  |TAMS 0x0000000085e00000, 0x0000000085e00000| Untracked 
|  95|0x0000000085f00000, 0x0000000085f00000, 0x0000000086000000|  0%| F|  |TAMS 0x0000000085f00000, 0x0000000085f00000| Untracked 
|  96|0x0000000086000000, 0x0000000086000000, 0x0000000086100000|  0%| F|  |TAMS 0x0000000086000000, 0x0000000086000000| Untracked 
|  97|0x0000000086100000, 0x0000000086100000, 0x0000000086200000|  0%| F|  |TAMS 0x0000000086100000, 0x0000000086100000| Untracked 
|  98|0x0000000086200000, 0x0000000086200000, 0x0000000086300000|  0%| F|  |TAMS 0x0000000086200000, 0x0000000086200000| Untracked 
|  99|0x0000000086300000, 0x0000000086300000, 0x0000000086400000|  0%| F|  |TAMS 0x0000000086300000, 0x0000000086300000| Untracked 
| 100|0x0000000086400000, 0x0000000086400000, 0x0000000086500000|  0%| F|  |TAMS 0x0000000086400000, 0x0000000086400000| Untracked 
| 101|0x0000000086500000, 0x0000000086600000, 0x0000000086600000|100%| E|CS|TAMS 0x0000000086500000, 0x0000000086500000| Complete 
| 102|0x0000000086600000, 0x0000000086700000, 0x0000000086700000|100%| E|CS|TAMS 0x0000000086600000, 0x0000000086600000| Complete 
| 103|0x0000000086700000, 0x0000000086800000, 0x0000000086800000|100%| E|CS|TAMS 0x0000000086700000, 0x0000000086700000| Complete 
| 104|0x0000000086800000, 0x0000000086800000, 0x0000000086900000|  0%| F|  |TAMS 0x0000000086800000, 0x0000000086800000| Untracked 
| 105|0x0000000086900000, 0x0000000086900000, 0x0000000086a00000|  0%| F|  |TAMS 0x0000000086900000, 0x0000000086900000| Untracked 
| 106|0x0000000086a00000, 0x0000000086a00000, 0x0000000086b00000|  0%| F|  |TAMS 0x0000000086a00000, 0x0000000086a00000| Untracked 
| 107|0x0000000086b00000, 0x0000000086b00000, 0x0000000086c00000|  0%| F|  |TAMS 0x0000000086b00000, 0x0000000086b00000| Untracked 
| 108|0x0000000086c00000, 0x0000000086c00000, 0x0000000086d00000|  0%| F|  |TAMS 0x0000000086c00000, 0x0000000086c00000| Untracked 
| 109|0x0000000086d00000, 0x0000000086dfcce8, 0x0000000086e00000| 98%| S|  |TAMS 0x0000000086d00000, 0x0000000086d00000| Complete 
| 110|0x0000000086e00000, 0x0000000086f00000, 0x0000000086f00000|100%| E|CS|TAMS 0x0000000086e00000, 0x0000000086e00000| Complete 
| 111|0x0000000086f00000, 0x0000000087000000, 0x0000000087000000|100%| E|CS|TAMS 0x0000000086f00000, 0x0000000086f00000| Complete 
| 112|0x0000000087000000, 0x0000000087100000, 0x0000000087100000|100%| E|CS|TAMS 0x0000000087000000, 0x0000000087000000| Complete 
| 113|0x0000000087100000, 0x0000000087200000, 0x0000000087200000|100%| E|CS|TAMS 0x0000000087100000, 0x0000000087100000| Complete 
| 114|0x0000000087200000, 0x0000000087300000, 0x0000000087300000|100%| E|CS|TAMS 0x0000000087200000, 0x0000000087200000| Complete 
| 115|0x0000000087300000, 0x0000000087400000, 0x0000000087400000|100%| E|CS|TAMS 0x0000000087300000, 0x0000000087300000| Complete 
| 116|0x0000000087400000, 0x0000000087500000, 0x0000000087500000|100%| E|CS|TAMS 0x0000000087400000, 0x0000000087400000| Complete 
| 117|0x0000000087500000, 0x0000000087600000, 0x0000000087600000|100%| E|CS|TAMS 0x0000000087500000, 0x0000000087500000| Complete 
| 118|0x0000000087600000, 0x0000000087700000, 0x0000000087700000|100%| E|CS|TAMS 0x0000000087600000, 0x0000000087600000| Complete 
| 119|0x0000000087700000, 0x0000000087800000, 0x0000000087800000|100%| E|CS|TAMS 0x0000000087700000, 0x0000000087700000| Complete 
| 120|0x0000000087800000, 0x0000000087900000, 0x0000000087900000|100%| E|CS|TAMS 0x0000000087800000, 0x0000000087800000| Complete 
| 121|0x0000000087900000, 0x0000000087a00000, 0x0000000087a00000|100%| E|CS|TAMS 0x0000000087900000, 0x0000000087900000| Complete 
| 122|0x0000000087a00000, 0x0000000087b00000, 0x0000000087b00000|100%| E|CS|TAMS 0x0000000087a00000, 0x0000000087a00000| Complete 
| 123|0x0000000087b00000, 0x0000000087c00000, 0x0000000087c00000|100%| E|CS|TAMS 0x0000000087b00000, 0x0000000087b00000| Complete 
| 124|0x0000000087c00000, 0x0000000087d00000, 0x0000000087d00000|100%| E|CS|TAMS 0x0000000087c00000, 0x0000000087c00000| Complete 
| 125|0x0000000087d00000, 0x0000000087e00000, 0x0000000087e00000|100%| E|CS|TAMS 0x0000000087d00000, 0x0000000087d00000| Complete 
| 126|0x0000000087e00000, 0x0000000087f00000, 0x0000000087f00000|100%| E|CS|TAMS 0x0000000087e00000, 0x0000000087e00000| Complete 
| 127|0x0000000087f00000, 0x0000000088000000, 0x0000000088000000|100%| E|CS|TAMS 0x0000000087f00000, 0x0000000087f00000| Complete 

Card table byte_map: [0x000001b3de820000,0x000001b3dec20000] _byte_map_base: 0x000001b3de420000

Marking Bits (Prev, Next): (CMBitMap*) 0x000001b3cadbe0f8, (CMBitMap*) 0x000001b3cadbe130
 Prev Bits: [0x000001b3df020000, 0x000001b3e1020000)
 Next Bits: [0x000001b3e1020000, 0x000001b3e3020000)

Polling page: 0x000001b3c9560000

Metaspace:

Usage:
  Non-class:     16.19 MB capacity,    15.77 MB ( 97%) used,   361.41 KB (  2%) free+waste,    62.50 KB ( <1%) overhead. 
      Class:      2.04 MB capacity,     1.80 MB ( 88%) used,   221.75 KB ( 11%) free+waste,    30.63 KB (  1%) overhead. 
       Both:     18.23 MB capacity,    17.57 MB ( 96%) used,   583.16 KB (  3%) free+waste,    93.13 KB ( <1%) overhead. 

Virtual space:
  Non-class space:       18.00 MB reserved,      16.25 MB ( 90%) committed 
      Class space:        1.00 GB reserved,       2.13 MB ( <1%) committed 
             Both:        1.02 GB reserved,      18.38 MB (  2%) committed 

Chunk freelists:
   Non-Class:  0 bytes
       Class:  0 bytes
        Both:  0 bytes

MaxMetaspaceSize: 17179869184.00 GB
CompressedClassSpaceSize: 1.00 GB

CodeHeap 'non-profiled nmethods': size=120000Kb used=809Kb max_used=809Kb free=119191Kb
 bounds [0x000001b3d6480000, 0x000001b3d66f0000, 0x000001b3dd9b0000]
CodeHeap 'profiled nmethods': size=120000Kb used=4355Kb max_used=4355Kb free=115644Kb
 bounds [0x000001b3cef50000, 0x000001b3cf3a0000, 0x000001b3d6480000]
CodeHeap 'non-nmethods': size=5760Kb used=1149Kb max_used=1178Kb free=4610Kb
 bounds [0x000001b3ce9b0000, 0x000001b3cec20000, 0x000001b3cef50000]
 total_blobs=2578 nmethods=2087 adapters=403
 compilation: enabled
              stopped_count=0, restarted_count=0
 full_count=0

Compilation events (20 events):
Event: 2.314 Thread 0x000001b3e648b000 2075   !   4       java.io.ObjectStreamClass::lookup (334 bytes)
Event: 2.322 Thread 0x000001b3e648f800 2078       3       java.util.IdentityHashMap::maskNull (12 bytes)
Event: 2.322 Thread 0x000001b3e648f800 nmethod 2078 0x000001b3cf38e990 code [0x000001b3cf38eb40, 0x000001b3cf38ec78]
Event: 2.322 Thread 0x000001b3e648f800 2079       3       java.util.IdentityHashMap::hash (18 bytes)
Event: 2.322 Thread 0x000001b3e648f800 nmethod 2079 0x000001b3cf38ed10 code [0x000001b3cf38eec0, 0x000001b3cf38efe8]
Event: 2.327 Thread 0x000001b3e648f800 2081       3       java.math.BigInteger::<init> (77 bytes)
Event: 2.327 Thread 0x000001b3e648f800 nmethod 2081 0x000001b3cf38f090 code [0x000001b3cf38f260, 0x000001b3cf38f6f8]
Event: 2.336 Thread 0x000001b3e648f800 2083       3       java.lang.Math::abs (11 bytes)
Event: 2.336 Thread 0x000001b3e648f800 nmethod 2083 0x000001b3cf38f810 code [0x000001b3cf38f9c0, 0x000001b3cf38faf8]
Event: 2.366 Thread 0x000001b3e648f800 2087       3       java.io.ObjectOutputStream$HandleTable::growEntries (58 bytes)
Event: 2.366 Thread 0x000001b3e648f800 nmethod 2087 0x000001b3cf38fb90 code [0x000001b3cf38fd80, 0x000001b3cf3901f8]
Event: 2.366 Thread 0x000001b3e7dcd000 2080       4       java.io.ObjectInputStream$BlockDataInputStream::readUTFBody (192 bytes)
Event: 2.369 Thread 0x000001b3e648f800 2089       3       java.util.ArrayList::writeObject (60 bytes)
Event: 2.369 Thread 0x000001b3e648f800 nmethod 2089 0x000001b3cf390310 code [0x000001b3cf390520, 0x000001b3cf390a38]
Event: 2.373 Thread 0x000001b3e648b000 nmethod 2075 0x000001b3d6546690 code [0x000001b3d65469e0, 0x000001b3d6549000]
Event: 2.374 Thread 0x000001b3e648b000 2086       4       sun.rmi.runtime.Log$LoggerLog::isLoggable (9 bytes)
Event: 2.374 Thread 0x000001b3e648b000 nmethod 2086 0x000001b3d6549e10 code [0x000001b3d6549fa0, 0x000001b3d654a058]
Event: 2.374 Thread 0x000001b3e648b000 2084       4       org.postgresql.jdbc.PgConnection::getLogger (4 bytes)
Event: 2.375 Thread 0x000001b3e648b000 nmethod 2084 0x000001b3d654a190 code [0x000001b3d654a320, 0x000001b3d654a398]
Event: 2.375 Thread 0x000001b3e648b000 2082       4       java.io.ObjectOutputStream$BlockDataOutputStream::writeUTF (46 bytes)

GC Heap History (3 events):
Event: 1.299 GC heap before
{Heap before GC invocations=0 (full 0):
 garbage-first heap   total 131072K, used 24576K [0x0000000080000000, 0x0000000100000000)
  region size 1024K, 24 young (24576K), 0 survivors (0K)
 Metaspace       used 16465K, capacity 16986K, committed 17152K, reserved 1064960K
  class space    used 1722K, capacity 1955K, committed 2048K, reserved 1048576K
}
Event: 1.306 GC heap after
{Heap after GC invocations=1 (full 0):
 garbage-first heap   total 131072K, used 5708K [0x0000000080000000, 0x0000000100000000)
  region size 1024K, 3 young (3072K), 3 survivors (3072K)
 Metaspace       used 16465K, capacity 16986K, committed 17152K, reserved 1064960K
  class space    used 1722K, capacity 1955K, committed 2048K, reserved 1048576K
}
Event: 2.378 GC heap before
{Heap before GC invocations=1 (full 0):
 garbage-first heap   total 131072K, used 24140K [0x0000000080000000, 0x0000000100000000)
  region size 1024K, 21 young (21504K), 3 survivors (3072K)
 Metaspace       used 17993K, capacity 18670K, committed 18816K, reserved 1067008K
  class space    used 1841K, capacity 2094K, committed 2176K, reserved 1048576K
}

Deoptimization events (20 events):
Event: 1.430 Thread 0x000001b3e6da0000 Uncommon trap: trap_request=0xffffffbe fr.pc=0x000001b3d6514b70 relative=0x0000000000000510
Event: 1.431 Thread 0x000001b3e6da0000 Uncommon trap: reason=profile_predicate action=maybe_recompile pc=0x000001b3d6514b70 method=java.lang.PublicMethods$MethodList.filter([Ljava/lang/reflect/Method;Ljava/lang/String;[Ljava/lang/Class;Z)Ljava/lang/PublicMethods$MethodList; @ 21 c2
Event: 1.431 Thread 0x000001b3e6da0000 DEOPT PACKING pc=0x000001b3d6514b70 sp=0x00000023b26fb250
Event: 1.431 Thread 0x000001b3e6da0000 DEOPT UNPACKING pc=0x000001b3ce9d662f sp=0x00000023b26fb1e8 mode 2
Event: 1.431 Thread 0x000001b3e6da0000 DEOPT PACKING pc=0x000001b3cefd0a49 sp=0x00000023b26f96a0
Event: 1.431 Thread 0x000001b3e6da0000 DEOPT UNPACKING pc=0x000001b3ce9d6dde sp=0x00000023b26f8b18 mode 0
Event: 1.432 Thread 0x000001b3e6da0000 Uncommon trap: trap_request=0xffffffbe fr.pc=0x000001b3d6514b70 relative=0x0000000000000510
Event: 1.432 Thread 0x000001b3e6da0000 Uncommon trap: reason=profile_predicate action=maybe_recompile pc=0x000001b3d6514b70 method=java.lang.PublicMethods$MethodList.filter([Ljava/lang/reflect/Method;Ljava/lang/String;[Ljava/lang/Class;Z)Ljava/lang/PublicMethods$MethodList; @ 21 c2
Event: 1.432 Thread 0x000001b3e6da0000 DEOPT PACKING pc=0x000001b3d6514b70 sp=0x00000023b26faf90
Event: 1.432 Thread 0x000001b3e6da0000 DEOPT UNPACKING pc=0x000001b3ce9d662f sp=0x00000023b26faf28 mode 2
Event: 1.434 Thread 0x000001b3e6da0000 Uncommon trap: trap_request=0xffffffbe fr.pc=0x000001b3d6514b70 relative=0x0000000000000510
Event: 1.434 Thread 0x000001b3e6da0000 Uncommon trap: reason=profile_predicate action=maybe_recompile pc=0x000001b3d6514b70 method=java.lang.PublicMethods$MethodList.filter([Ljava/lang/reflect/Method;Ljava/lang/String;[Ljava/lang/Class;Z)Ljava/lang/PublicMethods$MethodList; @ 21 c2
Event: 1.434 Thread 0x000001b3e6da0000 DEOPT PACKING pc=0x000001b3d6514b70 sp=0x00000023b26f8a00
Event: 1.434 Thread 0x000001b3e6da0000 DEOPT UNPACKING pc=0x000001b3ce9d662f sp=0x00000023b26f8998 mode 2
Event: 1.434 Thread 0x000001b3e6da0000 Uncommon trap: trap_request=0xffffffbe fr.pc=0x000001b3d6514b70 relative=0x0000000000000510
Event: 1.434 Thread 0x000001b3e6da0000 Uncommon trap: reason=profile_predicate action=maybe_recompile pc=0x000001b3d6514b70 method=java.lang.PublicMethods$MethodList.filter([Ljava/lang/reflect/Method;Ljava/lang/String;[Ljava/lang/Class;Z)Ljava/lang/PublicMethods$MethodList; @ 21 c2
Event: 1.434 Thread 0x000001b3e6da0000 DEOPT PACKING pc=0x000001b3d6514b70 sp=0x00000023b26f8a00
Event: 1.434 Thread 0x000001b3e6da0000 DEOPT UNPACKING pc=0x000001b3ce9d662f sp=0x00000023b26f8998 mode 2
Event: 1.474 Thread 0x000001b3e6da0000 DEOPT PACKING pc=0x000001b3cf10d65d sp=0x00000023b26fa7e0
Event: 1.474 Thread 0x000001b3e6da0000 DEOPT UNPACKING pc=0x000001b3ce9d6dde sp=0x00000023b26f9c98 mode 0

Classes redefined (0 events):
No events

Internal exceptions (20 events):
Event: 0.712 Thread 0x000001b3cad7d000 Exception <a 'java/lang/NoSuchMethodError'{0x0000000087612528}: 'java.lang.Object java.lang.invoke.DirectMethodHandle$Holder.invokeStatic(java.lang.Object, java.lang.Object, java.lang.Object, java.lang.Object, int)'> (0x0000000087612528) thrown at [./src/hotspot/share/interpreter/linkResolver.cpp, line 773]
Event: 0.727 Thread 0x000001b3cad7d000 Exception <a 'java/lang/NoSuchMethodError'{0x00000000876d60b0}: 'java.lang.Object java.lang.invoke.DelegatingMethodHandle$Holder.reinvoke_L(java.lang.Object, java.lang.Object, long)'> (0x00000000876d60b0) thrown at [./src/hotspot/share/interpreter/linkResolver.cpp, line 773]
Event: 0.727 Thread 0x000001b3cad7d000 Exception <a 'java/lang/NoSuchMethodError'{0x00000000876d92a0}: 'java.lang.Object java.lang.invoke.Invokers$Holder.linkToTargetMethod(java.lang.Object, long, java.lang.Object)'> (0x00000000876d92a0) thrown at [./src/hotspot/share/interpreter/linkResolver.cpp, line 773]
Event: 0.740 Thread 0x000001b3e6a27800 Exception <a 'java/lang/NoSuchMethodError'{0x0000000087548f20}: 'java.lang.Object java.lang.invoke.DelegatingMethodHandle$Holder.reinvoke_L(java.lang.Object, int, java.lang.Object)'> (0x0000000087548f20) thrown at [./src/hotspot/share/interpreter/linkResolver.cpp, line 773]
Event: 0.778 Thread 0x000001b3e6da0000 Exception <a 'java/lang/NoSuchMethodError'{0x000000008741e768}: <clinit>> (0x000000008741e768) thrown at [./src/hotspot/share/prims/jni.cpp, line 1362]
Event: 0.848 Thread 0x000001b3e6da0000 Exception <a 'java/lang/NoSuchMethodError'{0x000000008729d0f0}: 'java.lang.Object java.lang.invoke.DirectMethodHandle$Holder.invokeVirtual(java.lang.Object, java.lang.Object, java.lang.Object, java.lang.Object)'> (0x000000008729d0f0) thrown at [./src/hotspot/share/interpreter/linkResolver.cpp, line 773]
Event: 0.858 Thread 0x000001b3e6da0000 Exception <a 'java/lang/NoSuchMethodError'{0x0000000087119090}: 'int java.lang.invoke.DirectMethodHandle$Holder.invokeStaticInit(java.lang.Object, java.lang.Object, java.lang.Object, java.lang.Object)'> (0x0000000087119090) thrown at [./src/hotspot/share/interpreter/linkResolver.cpp, line 773]
Event: 0.859 Thread 0x000001b3e6da0000 Exception <a 'java/lang/IncompatibleClassChangeError'{0x00000000871226b8}: Found class java.lang.Object, but interface was expected> (0x00000000871226b8) thrown at [./src/hotspot/share/interpreter/linkResolver.cpp, line 839]
Event: 0.860 Thread 0x000001b3e6da0000 Exception <a 'java/lang/NoSuchMethodError'{0x0000000087125868}: 'void java.lang.invoke.DirectMethodHandle$Holder.invokeStaticInit(java.lang.Object, java.lang.Object)'> (0x0000000087125868) thrown at [./src/hotspot/share/interpreter/linkResolver.cpp, line 773]
Event: 0.861 Thread 0x000001b3e6da0000 Exception <a 'java/lang/NoSuchMethodError'{0x000000008712b1f0}: 'int java.lang.invoke.DirectMethodHandle$Holder.invokeStaticInit(java.lang.Object, java.lang.Object)'> (0x000000008712b1f0) thrown at [./src/hotspot/share/interpreter/linkResolver.cpp, line 773]
Event: 0.902 Thread 0x000001b3e6da0000 Exception <a 'java/lang/NoSuchMethodError'{0x000000008701ea70}: 'java.lang.Object java.lang.invoke.DirectMethodHandle$Holder.invokeStaticInit(java.lang.Object, java.lang.Object, java.lang.Object)'> (0x000000008701ea70) thrown at [./src/hotspot/share/interpreter/linkResolver.cpp, line 773]
Event: 1.104 Thread 0x000001b3e6da0000 Exception <a 'sun/nio/fs/WindowsException'{0x0000000086ee0fc0}> (0x0000000086ee0fc0) thrown at [./src/hotspot/share/prims/jni.cpp, line 615]
Event: 1.105 Thread 0x000001b3e6da0000 Exception <a 'java/lang/NoSuchMethodError'{0x0000000086ee83e8}: 'int java.lang.invoke.DirectMethodHandle$Holder.invokeSpecialIFC(java.lang.Object, java.lang.Object, int)'> (0x0000000086ee83e8) thrown at [./src/hotspot/share/interpreter/linkResolver.cpp, line 773]
Event: 1.360 Thread 0x000001b3e6da0000 Exception <a 'java/lang/NoSuchMethodError'{0x0000000087d7a700}: <clinit>> (0x0000000087d7a700) thrown at [./src/hotspot/share/prims/jni.cpp, line 1362]
Event: 1.401 Thread 0x000001b3e6da0000 Exception <a 'java/lang/NoSuchMethodError'{0x0000000087c90050}: <clinit>> (0x0000000087c90050) thrown at [./src/hotspot/share/prims/jni.cpp, line 1362]
Event: 1.402 Thread 0x000001b3e6da0000 Exception <a 'java/lang/NoSuchMethodError'{0x0000000087c9c8e8}: <clinit>> (0x0000000087c9c8e8) thrown at [./src/hotspot/share/prims/jni.cpp, line 1362]
Event: 1.430 Thread 0x000001b3e6da0000 Exception <a 'java/lang/NoSuchMethodError'{0x0000000087bb30d0}: <clinit>> (0x0000000087bb30d0) thrown at [./src/hotspot/share/prims/jni.cpp, line 1362]
Event: 1.431 Thread 0x000001b3e6da0000 Exception <a 'java/lang/NoSuchMethodError'{0x0000000087bbe200}: <clinit>> (0x0000000087bbe200) thrown at [./src/hotspot/share/prims/jni.cpp, line 1362]
Event: 1.432 Thread 0x000001b3e6da0000 Exception <a 'java/lang/NoSuchMethodError'{0x0000000087bcc6e0}: <clinit>> (0x0000000087bcc6e0) thrown at [./src/hotspot/share/prims/jni.cpp, line 1362]
Event: 1.892 Thread 0x000001b3e6da0000 Exception <a 'java/lang/NoSuchMethodError'{0x000000008777d5d8}: <clinit>> (0x000000008777d5d8) thrown at [./src/hotspot/share/prims/jni.cpp, line 1362]

Events (20 events):
Event: 2.351 loading class boolean
Event: 2.351 loading class boolean done
Event: 2.366 Thread 0x000001b3e7dcd000 Thread added: 0x000001b3e7dcd000
Event: 2.366 loading class long
Event: 2.366 loading class long done
Event: 2.366 loading class long
Event: 2.366 loading class long done
Event: 2.366 loading class boolean
Event: 2.366 loading class boolean done
Event: 2.366 loading class boolean
Event: 2.366 loading class boolean done
Event: 2.366 loading class short
Event: 2.366 loading class short done
Event: 2.366 loading class short
Event: 2.366 loading class short done
Event: 2.366 loading class int
Event: 2.366 loading class int done
Event: 2.366 loading class int
Event: 2.366 loading class int done
Event: 2.377 Executing VM operation: G1CollectForAllocation


Dynamic libraries:
0x00007ff70e270000 - 0x00007ff70e27a000 	C:\Program Files\JetBrains\PyCharm 2020.3.3\jbr\bin\java.exe
0x00007fff23450000 - 0x00007fff23648000 	C:\WINDOWS\SYSTEM32\ntdll.dll
0x00007fff22590000 - 0x00007fff2264f000 	C:\WINDOWS\System32\KERNEL32.DLL
0x00007fff21090000 - 0x00007fff21386000 	C:\WINDOWS\System32\KERNELBASE.dll
0x00007fff20f20000 - 0x00007fff21020000 	C:\WINDOWS\System32\ucrtbase.dll
0x00007ffee9a20000 - 0x00007ffee9a37000 	C:\Program Files\JetBrains\PyCharm 2020.3.3\jbr\bin\VCRUNTIME140.dll
0x00007ffee9370000 - 0x00007ffee9389000 	C:\Program Files\JetBrains\PyCharm 2020.3.3\jbr\bin\jli.dll
0x00007fff220d0000 - 0x00007fff2226d000 	C:\WINDOWS\System32\USER32.dll
0x00007fff054f0000 - 0x00007fff0578a000 	C:\WINDOWS\WinSxS\amd64_microsoft.windows.common-controls_6595b64144ccf1df_6.0.19041.1110_none_60b5254171f9507e\COMCTL32.dll
0x00007fff20ef0000 - 0x00007fff20f12000 	C:\WINDOWS\System32\win32u.dll
0x00007fff214e0000 - 0x00007fff2157e000 	C:\WINDOWS\System32\msvcrt.dll
0x00007fff21fa0000 - 0x00007fff21fcc000 	C:\WINDOWS\System32\GDI32.dll
0x00007fff21390000 - 0x00007fff214a5000 	C:\WINDOWS\System32\gdi32full.dll
0x00007fff20bb0000 - 0x00007fff20c4d000 	C:\WINDOWS\System32\msvcp_win.dll
0x00007fff214b0000 - 0x00007fff214e0000 	C:\WINDOWS\System32\IMM32.DLL
0x00007ffe8c5e0000 - 0x00007ffe8c67d000 	C:\Program Files\JetBrains\PyCharm 2020.3.3\jbr\bin\msvcp140.dll
0x00007ffe76390000 - 0x00007ffe76eda000 	C:\Program Files\JetBrains\PyCharm 2020.3.3\jbr\bin\server\jvm.dll
0x00007fff22470000 - 0x00007fff2251f000 	C:\WINDOWS\System32\ADVAPI32.dll
0x00007fff21fd0000 - 0x00007fff2206c000 	C:\WINDOWS\System32\sechost.dll
0x00007fff21bb0000 - 0x00007fff21cd6000 	C:\WINDOWS\System32\RPCRT4.dll
0x00007fff22580000 - 0x00007fff22588000 	C:\WINDOWS\System32\PSAPI.DLL
0x00007fff092d0000 - 0x00007fff092f7000 	C:\WINDOWS\SYSTEM32\WINMM.dll
0x00007fff10cc0000 - 0x00007fff10cc9000 	C:\WINDOWS\SYSTEM32\WSOCK32.dll
0x00007fff193f0000 - 0x00007fff193fa000 	C:\WINDOWS\SYSTEM32\VERSION.dll
0x00007fff22340000 - 0x00007fff223ab000 	C:\WINDOWS\System32\WS2_32.dll
0x00007fff1f4b0000 - 0x00007fff1f4c2000 	C:\WINDOWS\SYSTEM32\kernel.appcore.dll
0x00007fff18510000 - 0x00007fff18521000 	C:\Program Files\JetBrains\PyCharm 2020.3.3\jbr\bin\verify.dll
0x00007fff1ee60000 - 0x00007fff1f044000 	C:\WINDOWS\SYSTEM32\DBGHELP.DLL
0x00007fff107f0000 - 0x00007fff10824000 	C:\WINDOWS\SYSTEM32\dbgcore.DLL
0x00007fff20c50000 - 0x00007fff20cd2000 	C:\WINDOWS\System32\bcryptPrimitives.dll
0x00007ffef4d60000 - 0x00007ffef4d89000 	C:\Program Files\JetBrains\PyCharm 2020.3.3\jbr\bin\java.dll
0x00007fff184e0000 - 0x00007fff184eb000 	C:\Program Files\JetBrains\PyCharm 2020.3.3\jbr\bin\jimage.dll
0x00007fff17cb0000 - 0x00007fff17cc8000 	C:\Program Files\JetBrains\PyCharm 2020.3.3\jbr\bin\zip.dll
0x00007fff22650000 - 0x00007fff22d94000 	C:\WINDOWS\System32\SHELL32.dll
0x00007fff1e5f0000 - 0x00007fff1ed84000 	C:\WINDOWS\SYSTEM32\windows.storage.dll
0x00007fff21720000 - 0x00007fff21a74000 	C:\WINDOWS\System32\combase.dll
0x00007fff20480000 - 0x00007fff204ae000 	C:\WINDOWS\SYSTEM32\Wldp.dll
0x00007fff21ce0000 - 0x00007fff21d8d000 	C:\WINDOWS\System32\SHCORE.dll
0x00007fff21f40000 - 0x00007fff21f95000 	C:\WINDOWS\System32\shlwapi.dll
0x00007fff20a60000 - 0x00007fff20a85000 	C:\WINDOWS\SYSTEM32\profapi.dll
0x00007fff17880000 - 0x00007fff1789a000 	C:\Program Files\JetBrains\PyCharm 2020.3.3\jbr\bin\net.dll
0x00007fff16e30000 - 0x00007fff16f3a000 	C:\WINDOWS\SYSTEM32\WINHTTP.dll
0x00007fff20270000 - 0x00007fff202da000 	C:\WINDOWS\system32\mswsock.dll
0x00007ffef4700000 - 0x00007ffef4714000 	C:\Program Files\JetBrains\PyCharm 2020.3.3\jbr\bin\nio.dll
0x00007fff204d0000 - 0x00007fff204e8000 	C:\WINDOWS\SYSTEM32\CRYPTSP.dll
0x00007fff1fb40000 - 0x00007fff1fb74000 	C:\WINDOWS\system32\rsaenh.dll
0x00007fff20b30000 - 0x00007fff20b57000 	C:\WINDOWS\System32\bcrypt.dll
0x00007fff209e0000 - 0x00007fff20a0e000 	C:\WINDOWS\SYSTEM32\USERENV.dll
0x00007fff204b0000 - 0x00007fff204bc000 	C:\WINDOWS\SYSTEM32\CRYPTBASE.dll
0x00007fff1ff30000 - 0x00007fff1ff6c000 	C:\WINDOWS\SYSTEM32\IPHLPAPI.DLL
0x00007fff22460000 - 0x00007fff22468000 	C:\WINDOWS\System32\NSI.dll
0x00007fff19630000 - 0x00007fff19647000 	C:\WINDOWS\SYSTEM32\dhcpcsvc6.DLL
0x00007fff19470000 - 0x00007fff1948d000 	C:\WINDOWS\SYSTEM32\dhcpcsvc.DLL
0x00007fff1ff80000 - 0x00007fff2004a000 	C:\WINDOWS\SYSTEM32\DNSAPI.dll
0x00007fff076c0000 - 0x00007fff076c8000 	C:\Program Files\JetBrains\PyCharm 2020.3.3\jbr\bin\rmi.dll
0x00007fff15ce0000 - 0x00007fff15cea000 	C:\Windows\System32\rasadhlp.dll
0x00007fff194a0000 - 0x00007fff19522000 	C:\WINDOWS\System32\fwpuclnt.dll
0x00007fff177f0000 - 0x00007fff177fa000 	C:\Program Files\JetBrains\PyCharm 2020.3.3\jbr\bin\management.dll
0x00007fff174b0000 - 0x00007fff174bd000 	C:\Program Files\JetBrains\PyCharm 2020.3.3\jbr\bin\management_ext.dll
0x00007ffeec300000 - 0x00007ffeec328000 	C:\Program Files\JetBrains\PyCharm 2020.3.3\jbr\bin\sunec.dll

dbghelp: loaded successfully - version: 4.0.5 - missing functions: none
symbol engine: initialized successfully - sym options: 0x614 - pdb path: .;C:\Program Files\JetBrains\PyCharm 2020.3.3\jbr\bin;C:\WINDOWS\SYSTEM32;C:\WINDOWS\WinSxS\amd64_microsoft.windows.common-controls_6595b64144ccf1df_6.0.19041.1110_none_60b5254171f9507e;C:\Program Files\JetBrains\PyCharm 2020.3.3\jbr\bin\server

VM Arguments:
jvm_args: -Djava.rmi.server.hostname=127.0.0.1 -Duser.timezone=UTC -Xmx2048m -Xms128m -Dfile.encoding=UTF-8 
java_command: com.intellij.database.remote.RemoteJdbcServer org.postgresql.Driver
java_class_path (initial): C:\Program Files\JetBrains\PyCharm 2020.3.3\lib\util.jar;C:\Program Files\JetBrains\PyCharm 2020.3.3\lib\groovy-2.5.14.jar;C:\Program Files\JetBrains\PyCharm 2020.3.3\plugins\DatabaseTools\lib\jdbc-console.jar;C:\Users\20182649\AppData\Roaming\JetBrains\PyCharm2021.2\jdbc-drivers\PostgreSQL\42.6.0\org\postgresql\postgresql\42.6.0\postgresql-42.6.0.jar;C:\Users\20182649\AppData\Roaming\JetBrains\PyCharm2021.2\jdbc-drivers\PostgreSQL\42.6.0\org\checkerframework\checker-qual\3.31.0\checker-qual-3.31.0.jar;C:\Users\20182649\AppData\Roaming\JetBrains\PyCharm2021.2\jdbc-drivers\PostgreSQL\42.6.0\com\github\waffle\waffle-jna\1.9.1\waffle-jna-1.9.1.jar;C:\Users\20182649\AppData\Roaming\JetBrains\PyCharm2021.2\jdbc-drivers\PostgreSQL\42.6.0\net\java\dev\jna\jna\4.5.1\jna-4.5.1.jar;C:\Users\20182649\AppData\Roaming\JetBrains\PyCharm2021.2\jdbc-drivers\PostgreSQL\42.6.0\net\java\dev\jna\jna-platform\4.5.1\jna-platform-4.5.1.jar;C:\Users\20182649\AppData\Roaming\JetBrains\PyCharm2021.2\jdbc-drivers\PostgreSQL\42.6.0\org\slf4j\jcl-over-slf4j\1.7.25\jcl-over-slf4j-1.7.25.jar;C:\Users\20182649\AppData\Roaming\JetBrains\PyCharm2021.2\jdbc-drivers\PostgreSQL\42.6.0\org\slf4j\slf4j-api\1.7.25\slf4j-api-1.7.25.jar;C:\Users\20182649\AppData\Roaming\JetBrains\PyCharm2021.2\jdbc-drivers\PostgreSQL\42.6.0\com\github\ben-manes\caffeine\caffeine\2.6.2\caffeine-2.6.2.jar
Launcher Type: SUN_STANDARD

[Global flags]
     intx CICompilerCount                          = 4                                         {product} {ergonomic}
     uint ConcGCThreads                            = 2                                         {product} {ergonomic}
     uint G1ConcRefinementThreads                  = 8                                         {product} {ergonomic}
   size_t G1HeapRegionSize                         = 1048576                                   {product} {ergonomic}
    uintx GCDrainStackTargetSize                   = 64                                        {product} {ergonomic}
   size_t InitialHeapSize                          = 134217728                                 {product} {command line}
   size_t MarkStackSize                            = 4194304                                   {product} {ergonomic}
   size_t MaxHeapSize                              = 2147483648                                {product} {command line}
   size_t MaxNewSize                               = 1287651328                                {product} {ergonomic}
   size_t MinHeapDeltaBytes                        = 1048576                                   {product} {ergonomic}
    uintx NonNMethodCodeHeapSize                   = 5836300                                {pd product} {ergonomic}
    uintx NonProfiledCodeHeapSize                  = 122910970                              {pd product} {ergonomic}
    uintx ProfiledCodeHeapSize                     = 122910970                              {pd product} {ergonomic}
    uintx ReservedCodeCacheSize                    = 251658240                              {pd product} {ergonomic}
     bool SegmentedCodeCache                       = true                                      {product} {ergonomic}
     bool UseCompressedClassPointers               = true                                 {lp64_product} {ergonomic}
     bool UseCompressedOops                        = true                                 {lp64_product} {ergonomic}
     bool UseG1GC                                  = true                                      {product} {ergonomic}
     bool UseLargePagesIndividualAllocation        = false                                  {pd product} {ergonomic}

Logging:
Log output configuration:
 #0: stdout all=warning uptime,level,tags
 #1: stderr all=off uptime,level,tags

Environment Variables:
JAVA_HOME=C:\Users\20182649\AppData\Local\Programs\AdoptOpenJDK\
PATH=C:\Program Files (x86)\Common Files\Oracle\Java\javapath;C:\WINDOWS\system32;C:\WINDOWS;C:\WINDOWS\System32\Wbem;C:\WINDOWS\System32\WindowsPowerShell\v1.0\;C:\WINDOWS\System32\OpenSSH\;C:\Program Files\Git\cmd;C:\Program Files\nodejs\;C:\Program Files\Docker\Docker\resources\bin;C:\ProgramData\DockerDesktop\version-bin;C:\Program Files (x86)\FixDataServer;C:\Program Files (x86)\Intel\Intel(R) Management Engine Components\DAL;C:\Program Files\Intel\Intel(R) Management Engine Components\DAL;C:\Program Files (x86)\Microsoft Dynamics AX\60\Client\Bin\;C:\Users\20182649\AppData\Local\Programs\AdoptOpenJDK\bin;C:\Program Files (x86)\Common Files\Oracle\Java\javapath;C:\windows\system32;C:\windows;C:\windows\System32\Wbem;C:\windows\System32\WindowsPowerShell\v1.0\;C:\windows\System32\OpenSSH\;C:\Program Files\Git\cmd;C:\Users\20182649\AppData\Local\Microsoft\WindowsApps;C:\Program Files\heroku\bin;C:\Users\20182649\Anaconda3;C:\Users\20182649\AppData\Local\GitHubDesktop\bin;C:\Users\20182649\Anaconda3\Scripts;C:\Users\20182649\AppData\Local\Programs\Microsoft VS Code\bin;C:\Users\20182649\AppData\Local\Microsoft\WindowsApps;C:\Users\20182649\Anaconda3\Library\bin;C:\Users\20182649\AppData\Local\Programs\Python\Python38-32;C:\Users\20182649\AppData\Roaming\npm;
USERNAME=20182649
OS=Windows_NT
PROCESSOR_IDENTIFIER=Intel64 Family 6 Model 158 Stepping 9, GenuineIntel



---------------  S Y S T E M  ---------------

OS: Windows 10 , 64 bit Build 19041 (10.0.19041.3155)
OS uptime: 0 days 3:43 hours
Hyper-V role detected

CPU:total 8 (initial active 8) (4 cores per cpu, 2 threads per core) family 6 model 158 stepping 9 microcode 0xf0, cmov, cx8, fxsr, mmx, sse, sse2, sse3, ssse3, sse4.1, sse4.2, popcnt, avx, avx2, aes, clmul, erms, 3dnowpref, lzcnt, ht, tsc, tscinvbit, bmi1, bmi2, adx, fma

Memory: 4k page, system-wide physical 24451M (12906M free)
TotalPageFile size 28035M (AvailPageFile size 14007M)
current process WorkingSet (physical memory assigned to process): 106M, peak: 106M
current process commit charge ("private bytes"): 237M, peak: 239M

vm_info: OpenJDK 64-Bit Server VM (11.0.11+9-b1504.16) for windows-amd64 JRE (11.0.11+9-b1504.16), built on Aug  9 2021 01:34:19 by "" with MS VC++ 14.0 (VS2015)

END.
